From buildd@ironforge.sceen.net Wed Jan 08 00:58:16 2014
Return-path: <buildd@ironforge.sceen.net>
Received: from ironforge.sceen.net ([2001:41d0:8:8dd8::111])
 by wuiet.debian.org with esmtps (TLS1.2:DHE_RSA_AES_128_CBC_SHA1:128)
 (Exim 4.80) (envelope-from <buildd@ironforge.sceen.net>)
 id 1W0hTM-0003Ib-07
 for logs@buildd.debian.org; Wed, 08 Jan 2014 00:58:16 +0000
Received: from buildd by ironforge.sceen.net with local (Exim 4.80)
 (envelope-from <buildd@ironforge.sceen.net>)
 id 1W0hTF-000237-OW; Wed, 08 Jan 2014 01:58:09 +0100
Content-Transfer-Encoding: binary
MIME-Version: 1.0
X-Mailer: MIME::Lite 3.027 (F2.84; B3.13; Q3.13)
Date: Wed, 8 Jan 2014 01:58:09 +0100
From: Build Daemon <buildd@ironforge.sceen.net>
To: samuel.thibault@ens-lyon.org, mbanck@debian.org,
 debian-hurd-build-logs@lists.alioth.debian.org, logs@buildd.debian.org
Subject: Log for successful build of libgtextutils_0.7-1 on hurd-i386
 (dist=sid)
Message-Id: <E1W0hTF-000237-OW@ironforge.sceen.net>
Delivered-To: logs@buildd.debian.org

sbuild (Debian sbuild) 0.64.0 (17 May 2013) on ironforge.sceen.net

╔══════════════════════════════════════════════════════════════════════════════╗
║ libgtextutils 0.7-1 (hurd-i386)                            08 Jan 2014 01:56 ║
╚══════════════════════════════════════════════════════════════════════════════╝

Package: libgtextutils
Version: 0.7-1
Source Version: 0.7-1
Distribution: sid
Machine Architecture: hurd-i386
Host Architecture: hurd-i386
Build Architecture: hurd-i386

I: NOTICE: Log filtering will replace 'build/libgtextutils-yVq1vu/libgtextutils-0.7' with '«PKGBUILDDIR»'
I: NOTICE: Log filtering will replace 'build/libgtextutils-yVq1vu' with '«BUILDDIR»'
I: NOTICE: Log filtering will replace 'home/buildd/build/chroot-sid' with '«CHROOT»'

┌──────────────────────────────────────────────────────────────────────────────┐
│ Update chroot                                                                │
└──────────────────────────────────────────────────────────────────────────────┘

Ign file: ./ InRelease
Ign file: ./ Release.gpg
Ign file: ./ Release
Ign file: ./ Translation-en
Hit http://ftp.fr.debian.org sid InRelease
Hit http://incoming.debian.org sid InRelease
Get:1 http://incoming.debian.org buildd-sid InRelease [103 kB]
Hit http://ftp.fr.debian.org sid/main Sources/DiffIndex
Hit http://ftp.fr.debian.org sid/contrib Sources/DiffIndex
Hit http://ftp.fr.debian.org sid/non-free Sources/DiffIndex
Hit http://ftp.fr.debian.org sid/main hurd-i386 Packages/DiffIndex
Hit http://ftp.fr.debian.org sid/contrib hurd-i386 Packages/DiffIndex
Hit http://ftp.fr.debian.org sid/contrib Translation-en/DiffIndex
Hit http://ftp.fr.debian.org sid/main Translation-en/DiffIndex
Hit http://incoming.debian.org sid/main Sources/DiffIndex
Hit http://incoming.debian.org sid/contrib Sources/DiffIndex
Hit http://incoming.debian.org sid/non-free Sources/DiffIndex
Hit http://incoming.debian.org sid/main hurd-i386 Packages/DiffIndex
Hit http://incoming.debian.org sid/contrib hurd-i386 Packages/DiffIndex
Hit http://incoming.debian.org sid/contrib Translation-en/DiffIndex
Hit http://incoming.debian.org sid/main Translation-en/DiffIndex
Get:2 http://incoming.debian.org buildd-sid/main Sources [42.9 kB]
Get:3 http://incoming.debian.org buildd-sid/contrib Sources [32 B]
Get:4 http://incoming.debian.org buildd-sid/non-free Sources [1140 B]
Get:5 http://incoming.debian.org buildd-sid/main hurd-i386 Packages [29.1 kB]
Get:6 http://incoming.debian.org buildd-sid/contrib hurd-i386 Packages [32 B]
Get:7 http://incoming.debian.org buildd-sid/contrib Translation-en [14 B]
Get:8 http://incoming.debian.org buildd-sid/main Translation-en [38.0 kB]
Fetched 215 kB in 18s (11.5 kB/s)
Reading package lists...

┌──────────────────────────────────────────────────────────────────────────────┐
│ Fetch source files                                                           │
└──────────────────────────────────────────────────────────────────────────────┘


Check APT
─────────

Checking available source versions...

Download source files with APT
──────────────────────────────

Reading package lists...
Building dependency tree...
Reading state information...
NOTICE: 'libgtextutils' packaging is maintained in the 'Git' version control system at:
git://anonscm.debian.org/debian-med/libgtextutils.git -b debian/unstable
Need to get 49.9 kB of source archives.
Get:1 http://incoming.debian.org/debian-buildd/ buildd-sid/main libgtextutils 0.7-1 (dsc) [2091 B]
Get:2 http://incoming.debian.org/debian-buildd/ buildd-sid/main libgtextutils 0.7-1 (tar) [32.5 kB]
Get:3 http://incoming.debian.org/debian-buildd/ buildd-sid/main libgtextutils 0.7-1 (diff) [15.4 kB]
Fetched 49.9 kB in 0s (94.2 kB/s)
Download complete and in download only mode

Check arch
──────────

Merged Build-Depends: build-essential, fakeroot
Filtered Build-Depends: build-essential, fakeroot
dpkg-deb: building package `sbuild-build-depends-core-dummy' in `/«BUILDDIR»/resolver-wA0mhr/apt_archive/sbuild-build-depends-core-dummy.deb'.
gpg: WARNING: using insecure memory!
gpg: please see http://www.gnupg.org/documentation/faqs.html for more information
OK
Reading package lists...

┌──────────────────────────────────────────────────────────────────────────────┐
│ Install core build dependencies (apt-based resolver)                         │
└──────────────────────────────────────────────────────────────────────────────┘

Installing build dependencies
Reading package lists...
Building dependency tree...
Reading state information...
The following packages were automatically installed and are no longer required:
  libboost-iostreams1.54.0 libept1.4.12 libxapian22 netcat-openbsd
Use 'apt-get autoremove' to remove them.
The following NEW packages will be installed:
  sbuild-build-depends-core-dummy
0 upgraded, 1 newly installed, 0 to remove and 16 not upgraded.
Need to get 0 B/768 B of archives.
After this operation, 0 B of additional disk space will be used.
Selecting previously unselected package sbuild-build-depends-core-dummy.
(Reading database ... 16996 files and directories currently installed.)
Preparing to unpack .../sbuild-build-depends-core-dummy.deb ...
Unpacking sbuild-build-depends-core-dummy (0.invalid.0) ...
Setting up sbuild-build-depends-core-dummy (0.invalid.0) ...
Merged Build-Depends: base-files, base-passwd, bash, bsdutils, coreutils, dash, debianutils, diffutils, dpkg, e2fsprogs, findutils, grep, gzip, hostname, hurd, libc-bin, ncurses-base, ncurses-bin, perl-base, sed, sysvinit, sysvinit-utils, tar, util-linux, libc0.3-dev | libc-dev, gcc (>= 4:4.4.3), g++ (>= 4:4.4.3), make, dpkg-dev (>= 1.13.5), hurd-dev, automake, autotools-dev, debhelper (>= 9), dh-exec, libtool
Filtered Build-Depends: base-files, base-passwd, bash, bsdutils, coreutils, dash, debianutils, diffutils, dpkg, e2fsprogs, findutils, grep, gzip, hostname, hurd, libc-bin, ncurses-base, ncurses-bin, perl-base, sed, sysvinit, sysvinit-utils, tar, util-linux, libc0.3-dev, gcc (>= 4:4.4.3), g++ (>= 4:4.4.3), make, dpkg-dev (>= 1.13.5), hurd-dev, automake, autotools-dev, debhelper (>= 9), dh-exec, libtool
dpkg-deb: building package `sbuild-build-depends-libgtextutils-dummy' in `/«BUILDDIR»/resolver-5vNLYO/apt_archive/sbuild-build-depends-libgtextutils-dummy.deb'.
gpg: WARNING: using insecure memory!
gpg: please see http://www.gnupg.org/documentation/faqs.html for more information
OK
Reading package lists...

┌──────────────────────────────────────────────────────────────────────────────┐
│ Install libgtextutils build dependencies (apt-based resolver)                │
└──────────────────────────────────────────────────────────────────────────────┘

Installing build dependencies
Reading package lists...
Building dependency tree...
Reading state information...
The following packages were automatically installed and are no longer required:
  libboost-iostreams1.54.0 libept1.4.12 libxapian22 netcat-openbsd
Use 'apt-get autoremove' to remove them.
The following extra packages will be installed:
  autoconf automake autotools-dev debhelper dh-exec file gettext gettext-base
  intltool-debian libasprintf0c2 libcroco3 libexpat1 libmagic1 libtool
  libunistring0 m4 po-debconf
Suggested packages:
  autoconf2.13 autoconf-archive gnu-standards autoconf-doc dh-make gettext-doc
  libtool-doc automaken gfortran fortran95-compiler gcj-jdk libmail-box-perl
Recommended packages:
  curl wget lynx-cur autopoint libasprintf-dev libgettextpo-dev libltdl-dev
  libmail-sendmail-perl
The following NEW packages will be installed:
  autoconf automake autotools-dev debhelper dh-exec file gettext gettext-base
  intltool-debian libasprintf0c2 libcroco3 libexpat1 libmagic1 libtool
  libunistring0 m4 po-debconf sbuild-build-depends-libgtextutils-dummy
0 upgraded, 18 newly installed, 0 to remove and 16 not upgraded.
Need to get 0 B/5158 kB of archives.
After this operation, 19.3 MB of additional disk space will be used.
Selecting previously unselected package libasprintf0c2:hurd-i386.
(Reading database ... 16996 files and directories currently installed.)
Preparing to unpack .../libasprintf0c2_0.18.3.1-2_hurd-i386.deb ...
Unpacking libasprintf0c2:hurd-i386 (0.18.3.1-2) ...
Selecting previously unselected package libmagic1:hurd-i386.
Preparing to unpack .../libmagic1_1%3a5.14-2_hurd-i386.deb ...
Unpacking libmagic1:hurd-i386 (1:5.14-2) ...
Selecting previously unselected package libcroco3:hurd-i386.
Preparing to unpack .../libcroco3_0.6.8-2_hurd-i386.deb ...
Unpacking libcroco3:hurd-i386 (0.6.8-2) ...
Selecting previously unselected package libexpat1:hurd-i386.
Preparing to unpack .../libexpat1_2.1.0-4_hurd-i386.deb ...
Unpacking libexpat1:hurd-i386 (2.1.0-4) ...
Selecting previously unselected package libunistring0:hurd-i386.
Preparing to unpack .../libunistring0_0.9.3-5+b1_hurd-i386.deb ...
Unpacking libunistring0:hurd-i386 (0.9.3-5+b1) ...
Selecting previously unselected package file.
Preparing to unpack .../file_1%3a5.14-2_hurd-i386.deb ...
Unpacking file (1:5.14-2) ...
Selecting previously unselected package gettext-base.
Preparing to unpack .../gettext-base_0.18.3.1-2_hurd-i386.deb ...
Unpacking gettext-base (0.18.3.1-2) ...
Selecting previously unselected package m4.
Preparing to unpack .../m4_1.4.17-2_hurd-i386.deb ...
Unpacking m4 (1.4.17-2) ...
Not building database; man-db/auto-update is not 'true'.
Selecting previously unselected package autoconf.
Preparing to unpack .../autoconf_2.69-2_all.deb ...
Unpacking autoconf (2.69-2) ...
Selecting previously unselected package autotools-dev.
Preparing to unpack .../autotools-dev_20130810.1_all.deb ...
Unpacking autotools-dev (20130810.1) ...
Selecting previously unselected package automake.
Preparing to unpack .../automake_1%3a1.14.1-2_all.deb ...
Unpacking automake (1:1.14.1-2) ...
Selecting previously unselected package gettext.
Preparing to unpack .../gettext_0.18.3.1-2_hurd-i386.deb ...
Unpacking gettext (0.18.3.1-2) ...
Selecting previously unselected package intltool-debian.
Preparing to unpack .../intltool-debian_0.35.0+20060710.1_all.deb ...
Unpacking intltool-debian (0.35.0+20060710.1) ...
Selecting previously unselected package po-debconf.
Preparing to unpack .../po-debconf_1.0.16+nmu2_all.deb ...
Unpacking po-debconf (1.0.16+nmu2) ...
Selecting previously unselected package debhelper.
Preparing to unpack .../debhelper_9.20131227_all.deb ...
Unpacking debhelper (9.20131227) ...
Selecting previously unselected package libtool.
Preparing to unpack .../libtool_2.4.2-1.6_hurd-i386.deb ...
Unpacking libtool (2.4.2-1.6) ...
Selecting previously unselected package dh-exec.
Preparing to unpack .../dh-exec_0.12_hurd-i386.deb ...
Unpacking dh-exec (0.12) ...
Selecting previously unselected package sbuild-build-depends-libgtextutils-dummy.
Preparing to unpack .../sbuild-build-depends-libgtextutils-dummy.deb ...
Unpacking sbuild-build-depends-libgtextutils-dummy (0.invalid.0) ...
Processing triggers for man-db (2.6.5-2) ...
Setting up libasprintf0c2:hurd-i386 (0.18.3.1-2) ...
Setting up libmagic1:hurd-i386 (1:5.14-2) ...
Setting up libcroco3:hurd-i386 (0.6.8-2) ...
Setting up libexpat1:hurd-i386 (2.1.0-4) ...
Setting up libunistring0:hurd-i386 (0.9.3-5+b1) ...
Setting up file (1:5.14-2) ...
Setting up gettext-base (0.18.3.1-2) ...
Setting up m4 (1.4.17-2) ...
Setting up autoconf (2.69-2) ...
Setting up autotools-dev (20130810.1) ...
Setting up automake (1:1.14.1-2) ...
update-alternatives: using /usr/bin/automake-1.14 to provide /usr/bin/automake (automake) in auto mode
Setting up gettext (0.18.3.1-2) ...
Setting up intltool-debian (0.35.0+20060710.1) ...
Setting up po-debconf (1.0.16+nmu2) ...
Setting up debhelper (9.20131227) ...
Setting up libtool (2.4.2-1.6) ...
Setting up dh-exec (0.12) ...
Setting up sbuild-build-depends-libgtextutils-dummy (0.invalid.0) ...
Processing triggers for libc-bin (2.17-97) ...

┌──────────────────────────────────────────────────────────────────────────────┐
│ Build environment                                                            │
└──────────────────────────────────────────────────────────────────────────────┘

Kernel: GNU 0.5 hurd-i386 (i686-AT386)
Toolchain package versions: binutils_2.24-2 dpkg-dev_1.17.5 g++-4.8_4.8.2-12 gcc-4.8_4.8.2-12 gnumach-dev_2:1.4-1 hurd-dev_1:0.5.git20131101-1 libc0.3-dev_2.17-97 libstdc++-4.8-dev_4.8.2-12 libstdc++6_4.8.2-12 libstdc++6-4.7-dev_4.7.3-9
Package versions: adduser_3.113+nmu3 apt_0.9.14.1 apt-utils_0.9.14.1 autoconf_2.69-2 automake_1:1.14.1-2 autotools-dev_20130810.1 base-files_7.2 base-passwd_3.5.28 bash_4.2+dfsg-1 bash-completion_1:2.1-2 binutils_2.24-2 bsd-mailx_8.1.2-0.20131005cvs-1 bsdmainutils_9.0.5 bsdutils_1:2.20.1-5.5 build-essential_11.6 bzip2_1.0.6-5 coreutils_8.13-3.2 cpio_2.11+dfsg-1 cpp_4:4.8.2-1 cpp-4.8_4.8.2-12 cron_3.0pl1-124 dash_0.5.7-3+b1 debconf_1.5.52 debfoster_2.7-1.2 debhelper_9.20131227 debian-archive-keyring_2012.4 debian-ports-archive-keyring_2012.12.30 debianutils_4.4 dh-exec_0.12 diffutils_1:3.3-1 dpkg_1.17.5 dpkg-dev_1.17.5 e2fslibs_1.42.9-1 e2fsprogs_1.42.9-1 exim4-base_4.80-9 exim4-config_4.80-9 exim4-daemon-light_4.80-9 fakeroot_1.18.4-2 file_1:5.14-2 findutils_4.4.2-7 g++_4:4.8.2-1 g++-4.8_4.8.2-12 gawk_1:4.0.1+dfsg-2.1 gcc_4:4.8.2-1 gcc-4.5-base_4.5.4-1 gcc-4.6-base_4.6.4-5 gcc-4.7-base_4.7.3-9 gcc-4.8_4.8.2-12 gcc-4.8-base_4.8.2-12 gettext_0.18.3.1-2 gettext-base_0.18.3.1-2 gnumach-dev_2:1.4-1 gnupg_1.4.15-1.1 gpgv_1.4.15-1.1 grep_2.15-2 groff-base_1.22.2-3 gzip_1.6-2 hostname_3.15 hurd_1:0.5.git20131101-1 hurd-dev_1:0.5.git20131101-1 hurd-libs0.3_1:0.5.git20131101-1 initscripts_2.88dsf-41 insserv_1.14.0-5 intltool-debian_0.35.0+20060710.1 libacl1_2.2.52-1 libapt-inst1.5_0.9.14.2 libapt-pkg4.12_0.9.14.2 libasprintf0c2_0.18.3.1-2 libatomic1_4.8.2-12 libattr1_1:2.4.47-1 libblkid1_2.20.1-5.5 libboost-iostreams1.46.1_1.46.1-8+b1 libboost-iostreams1.48.0_1.48.0-3+b1 libboost-iostreams1.49.0_1.49.0-4+b3 libboost-iostreams1.54.0_1.54.0-4 libbsd0_0.6.0-1 libbz2-1.0_1.0.6-5 libc-bin_2.17-97 libc-dev-bin_2.17-97 libc0.3_2.17-97 libc0.3-dev_2.17-97 libc0.3-i686_2.17-97 libcloog-isl4_0.18.1-3 libcomerr2_1.42.9-2 libcroco3_0.6.8-2 libcwidget3_0.5.16-3.5 libdaemon0_0.14-2+b1 libdb5.1_5.1.29-7 libdpkg-perl_1.17.5 libept1.4.12_1.0.12 libexpat1_2.1.0-4 libffi6_3.0.13-10 libgc1c2_1:7.2d-6 libgcc-4.7-dev_4.7.3-9 libgcc-4.8-dev_4.8.2-12 libgcc1_1:4.8.2-12 libgcrypt11_1.5.3-3 libgdbm3_1.8.3-12 libglib2.0-0_2.36.4-1 libglib2.0-data_2.36.4-1 libgmp10_2:5.1.3+dfsg-1 libgnutls26_2.12.23-8 libgomp1_4.8.2-12 libgpg-error0_1.12-0.2 libisl10_0.12.1-2 libldap-2.4-2_2.4.31-1+nmu2+b1 liblocale-gettext-perl_1.05-7+b3 liblockfile-bin_1.09-6 liblockfile1_1.09-6 liblzma2_5.1.1alpha+20110809-2 liblzma5_5.1.1alpha+20120614-2 libmagic1_1:5.14-2 libmpc3_1.0.1-1 libmpfr4_3.1.2-1 libncurses5_5.9+20130608-1 libncursesw5_5.9+20130608-1 libp11-kit0_0.20.1-3 libpam-modules_1.1.3-9 libpam-modules-bin_1.1.3-9 libpam-runtime_1.1.3-9 libpam0g_1.1.3-9 libparted0debian1_2.3-16+b1 libpcap0.8_1.5.2-1 libpciaccess0_0.13.2-1 libpcre3_1:8.31-2 libpipeline1_1.2.6-1 libpng12-0_1.2.49-5 libpopt0_1.16-8 libprocps0_1:3.3.4-2 libprocps1_1:3.3.8-2 libquadmath0_4.8.2-12 libreadline6_6.2+dfsg-0.1 libsasl2-2_2.1.25.dfsg1-17 libsasl2-modules-db_2.1.25.dfsg1-17 libsigc++-1.2-5c2_1.2.7-2+b1 libsigc++-1.2-dev_1.2.7-2+b1 libsigc++-2.0-0c2a_2.2.10-0.2 libsigsegv2_2.9-4+b1 libslang2_2.2.4-16 libss2_1.42.8-1 libssl1.0.0_1.0.1f-1 libstdc++-4.8-dev_4.8.2-12 libstdc++6_4.8.2-12 libstdc++6-4.7-dev_4.7.3-9 libsysfs2_2.1.0+repack-3 libtasn1-3_2.14-3 libtext-charwidth-perl_0.04-7+b3 libtext-iconv-perl_1.7-5+b2 libtext-wrapi18n-perl_0.06-7 libtimedate-perl_2.3000-1 libtinfo5_5.9+20130608-1 libtool_2.4.2-1.6 libunistring0_0.9.3-5+b1 libuuid1_2.20.1-5.5 libx11-6_2:1.6.2-1 libx11-data_2:1.6.2-1 libxapian22_1.2.16-2 libxau6_1:1.0.8-1 libxcb1_1.10-2 libxdmcp6_1:1.1.1-1+b1 libxml2_2.9.1+dfsg1-3 lsb-base_4.1+Debian12 m4_1.4.17-2 make_3.81-8.3 man-db_2.6.5-2 mawk_1.3.3-17+b1 multiarch-support_2.17-97 ncurses-base_5.9+20130608-1 ncurses-bin_5.9+20130608-1 netbase_5.1 netcat-openbsd_1.105-7 netcat-traditional_1.10-40 netdde_0.0.20121127-3 passwd_1:4.1.5.1-1 patch_2.7.1-4 perl_5.18.1-5 perl-base_5.18.1-5 perl-modules_5.18.1-5 pkg-config_0.26-1+b1 po-debconf_1.0.16+nmu2 procps_1:3.3.8-2 psmisc_22.20-1 readline-common_6.2+dfsg-0.1 sbuild-build-depends-core-dummy_0.invalid.0 sbuild-build-depends-libgtextutils-dummy_0.invalid.0 sed_4.2.1-10 sensible-utils_0.0.9 sgml-base_1.26+nmu4 shared-mime-info_1.0-1+b1 sudo_1.8.8-2 sysv-rc_2.88dsf-41 sysvinit_2.88dsf-41 sysvinit-utils_2.88dsf-41 tar_1.26+dfsg-10 tzdata_2013h-1 util-linux_2.20.1-5.5 xkb-data_2.5.1-3 xml-core_0.13+nmu2 xz-utils_5.1.1alpha+20120614-2 zlib1g_1:1.2.8.dfsg-1

┌──────────────────────────────────────────────────────────────────────────────┐
│ Build                                                                        │
└──────────────────────────────────────────────────────────────────────────────┘


Unpack source
─────────────

gpgv: keyblock resource `/home/buildd/.gnupg/trustedkeys.gpg': file open error
gpgv: Signature made Wed Jan  8 00:45:21 2014 UTC using RSA key ID 2295D502
gpgv: Can't check signature: public key not found
dpkg-source: warning: failed to verify signature on ./libgtextutils_0.7-1.dsc
dpkg-source: info: extracting libgtextutils in libgtextutils-0.7
dpkg-source: info: unpacking libgtextutils_0.7.orig.tar.gz
dpkg-source: info: unpacking libgtextutils_0.7-1.debian.tar.gz

Check disc space
────────────────

Sufficient free space for build

User Environment
────────────────

HOME=/home/buildd
LOGNAME=buildd
OLDPWD=/
PATH=/usr/local/sbin:/usr/local/bin:/usr/sbin:/usr/bin:/sbin:/bin
PWD=/«PKGBUILDDIR»
SHELL=/bin/sh
SUDO_COMMAND=/usr/sbin/chroot /«CHROOT» su buildd -s /bin/sh -c cd '/«PKGBUILDDIR»' && 'env'
SUDO_GID=1002
SUDO_UID=1002
SUDO_USER=buildd
TERM=rxvt-unicode
USER=buildd
USERNAME=root

dpkg-buildpackage
─────────────────

 dpkg-source --before-build libgtextutils-0.7
 /usr/bin/fakeroot debian/rules clean
dpkg-buildpackage: source package libgtextutils
dpkg-buildpackage: source version 0.7-1
dpkg-buildpackage: source distribution unstable
dpkg-buildpackage: host architecture hurd-i386
dpkg-source: info: using options from libgtextutils-0.7/debian/source/options: --single-debian-patch
dh clean --with autotools_dev
   dh_testdir
   dh_auto_clean
   dh_autotools-dev_restoreconfig
	for c_g in `find . -type f -name config.guess` ; do if test -e "$c_g.dh-orig" ; then mv -f "$c_g.dh-orig" "$c_g" ; fi ; done
	for c_s in `find . -type f -name config.sub`   ; do if test -e "$c_s.dh-orig" ; then mv -f "$c_s.dh-orig" "$c_s" ; fi ; done
	find . -type f \( -name config.guess.dh-orig -o -name config.sub.dh-orig \) -delete
   dh_clean
	rm -f debian/libgtextutils-dev.substvars
	rm -f debian/libgtextutils-dev.*.debhelper
	rm -rf debian/libgtextutils-dev/
	rm -f debian/libgtextutils0.substvars
	rm -f debian/libgtextutils0.*.debhelper
	rm -rf debian/libgtextutils0/
	rm -f debian/*.debhelper.log
	rm -f debian/files
	find .  \( \( -type f -a \
	        \( -name '#*#' -o -name '.*~' -o -name '*~' -o -name DEADJOE \
		 -o -name '*.orig' -o -name '*.rej' -o -name '*.bak' \
		 -o -name '.*.orig' -o -name .*.rej -o -name '.SUMS' \
		 -o -name TAGS -o \( -path '*/.deps/*' -a -name '*.P' \) \
		\) -exec rm -f {} + \) -o \
		\( -type d -a -name autom4te.cache -prune -exec rm -rf {} + \) \)
 debian/rules build-arch
	rm -f *-stamp
dh build-arch --with autotools_dev
   dh_testdir -a
   dh_autotools-dev_updateconfig -a
	for c_g in `find -type f -name config.guess` ; do if ! test -e "$c_g.dh-orig" ; then mv -f "$c_g" "$c_g.dh-orig" ; cp -f /usr/share/misc/config.guess "$c_g" ; fi ; done
	for c_s in `find -type f -name config.sub`   ; do if ! test -e "$c_s.dh-orig" ; then mv -f "$c_s" "$c_s.dh-orig" ; cp -f /usr/share/misc/config.sub   "$c_s" ; fi ; done
   debian/rules override_dh_auto_configure
make[1]: Entering directory `/«PKGBUILDDIR»'
./reconf
- libtoolize.
libtoolize: putting auxiliary files in AC_CONFIG_AUX_DIR, `config'.
libtoolize: linking file `config/config.guess'
libtoolize: linking file `config/config.sub'
libtoolize: linking file `config/install-sh'
libtoolize: linking file `config/ltmain.sh'
libtoolize: putting macros in AC_CONFIG_MACRO_DIR, `m4'.
libtoolize: linking file `m4/libtool.m4'
libtoolize: linking file `m4/ltoptions.m4'
libtoolize: linking file `m4/ltsugar.m4'
libtoolize: linking file `m4/ltversion.m4'
libtoolize: linking file `m4/lt~obsolete.m4'
- aclocal.
configure.ac:26: installing 'config/compile'
configure.ac:19: installing 'config/missing'
Makefile.am: installing './INSTALL'
src/gtextutils/Makefile.am: installing 'config/depcomp'
parallel-tests: installing 'config/test-driver'
configure: WARNING: unrecognized options: --disable-maintainer-mode
- autoconf.
- autoheader.
- automake.
dh_auto_configure
	./configure --build=i486-gnu --prefix=/usr --includedir=\${prefix}/include --mandir=\${prefix}/share/man --infodir=\${prefix}/share/info --sysconfdir=/etc --localstatedir=/var --libdir=\${prefix}/lib/i386-gnu --libexecdir=\${prefix}/lib/i386-gnu --disable-maintainer-mode --disable-dependency-tracking
checking for a BSD-compatible install... /usr/bin/install -c
checking whether build environment is sane... yes
checking for a thread-safe mkdir -p... /bin/mkdir -p
checking for gawk... gawk
checking whether make sets $(MAKE)... yes
checking whether make supports nested variables... yes
checking for gcc... gcc
checking whether the C compiler works... yes
checking for C compiler default output file name... a.out
checking for suffix of executables... 
checking whether we are cross compiling... no
checking for suffix of object files... o
checking whether we are using the GNU C compiler... yes
checking whether gcc accepts -g... yes
checking for gcc option to accept ISO C89... none needed
checking whether gcc understands -c and -o together... yes
checking for style of include used by make... GNU
checking dependency style of gcc... none
checking for g++... g++
checking whether we are using the GNU C++ compiler... yes
checking whether g++ accepts -g... yes
checking dependency style of g++... none
checking build system type... i486-pc-gnu
checking host system type... i486-pc-gnu
checking how to print strings... printf
checking for a sed that does not truncate output... /bin/sed
checking for grep that handles long lines and -e... /bin/grep
checking for egrep... /bin/grep -E
checking for fgrep... /bin/grep -F
checking for ld used by gcc... /usr/bin/ld
checking if the linker (/usr/bin/ld) is GNU ld... yes
checking for BSD- or MS-compatible name lister (nm)... /usr/bin/nm -B
checking the name lister (/usr/bin/nm -B) interface... BSD nm
checking whether ln -s works... yes
checking the maximum length of command line arguments... -1
checking whether the shell understands some XSI constructs... yes
checking whether the shell understands "+="... yes
checking how to convert i486-pc-gnu file names to i486-pc-gnu format... func_convert_file_noop
checking how to convert i486-pc-gnu file names to toolchain format... func_convert_file_noop
checking for /usr/bin/ld option to reload object files... -r
checking for objdump... objdump
checking how to recognize dependent libraries... pass_all
checking for dlltool... no
checking how to associate runtime and link libraries... printf %s\n
checking for ar... ar
checking for archiver @FILE support... @
checking for strip... strip
checking for ranlib... ranlib
checking command to parse /usr/bin/nm -B output from gcc object... ok
checking for sysroot... no
checking for mt... mt
checking if mt is a manifest tool... no
checking how to run the C preprocessor... gcc -E
checking for ANSI C header files... yes
checking for sys/types.h... yes
checking for sys/stat.h... yes
checking for stdlib.h... yes
checking for string.h... yes
checking for memory.h... yes
checking for strings.h... yes
checking for inttypes.h... yes
checking for stdint.h... yes
checking for unistd.h... yes
checking for dlfcn.h... yes
checking for objdir... .libs
checking if gcc supports -fno-rtti -fno-exceptions... no
checking for gcc option to produce PIC... -fPIC -DPIC
checking if gcc PIC flag -fPIC -DPIC works... yes
checking if gcc static flag -static works... yes
checking if gcc supports -c -o file.o... yes
checking if gcc supports -c -o file.o... (cached) yes
checking whether the gcc linker (/usr/bin/ld) supports shared libraries... yes
checking whether -lc should be explicitly linked in... no
checking dynamic linker characteristics... GNU/Linux ld.so
checking how to hardcode library paths into programs... immediate
checking whether stripping libraries is possible... yes
checking if libtool supports shared libraries... yes
checking whether to build shared libraries... yes
checking whether to build static libraries... yes
checking how to run the C++ preprocessor... g++ -E
checking for ld used by g++... /usr/bin/ld
checking if the linker (/usr/bin/ld) is GNU ld... yes
checking whether the g++ linker (/usr/bin/ld) supports shared libraries... yes
checking for g++ option to produce PIC... -fPIC -DPIC
checking if g++ PIC flag -fPIC -DPIC works... yes
checking if g++ static flag -static works... yes
configure: WARNING: unrecognized options: --disable-maintainer-mode
checking if g++ supports -c -o file.o... yes
checking if g++ supports -c -o file.o... (cached) yes
checking whether the g++ linker (/usr/bin/ld) supports shared libraries... yes
checking dynamic linker characteristics... (cached) GNU/Linux ld.so
checking how to hardcode library paths into programs... immediate
checking that generated files are newer than configure... done
configure: creating ./config.status
config.status: creating Makefile
config.status: creating doc/Makefile
config.status: creating m4/Makefile
config.status: creating src/Makefile
config.status: creating src/gtextutils/Makefile
config.status: creating gtextutils.pc
config.status: creating tests/Makefile
config.status: creating config.h
config.status: executing depfiles commands
config.status: executing libtool commands
make[1]: Leaving directory `/«PKGBUILDDIR»'
   dh_auto_build -a
	make -j1
make[1]: Entering directory `/«PKGBUILDDIR»'
make  all-recursive
make[2]: Entering directory `/«PKGBUILDDIR»'
Making all in m4
make[3]: Entering directory `/«PKGBUILDDIR»/m4'
make[3]: Nothing to be done for `all'.
make[3]: Leaving directory `/«PKGBUILDDIR»/m4'
Making all in src
make[3]: Entering directory `/«PKGBUILDDIR»/src'
Making all in gtextutils
make[4]: Entering directory `/«PKGBUILDDIR»/src/gtextutils'
/bin/bash ../../libtool  --tag=CXX   --mode=compile g++ -DHAVE_CONFIG_H -I. -I../..   -D_FORTIFY_SOURCE=2  -g -O2 -fstack-protector --param=ssp-buffer-size=4 -Wformat -Werror=format-security -Wall -Wextra -Wformat-nonliteral -Wformat-security -Wswitch-default -Wswitch-enum -Wunused-parameter -Wfloat-equal -Werror -DDEBUG -g -O1 -DDEBUG -g -O1 -c -o stream_wrapper.lo stream_wrapper.cpp
libtool: compile:  g++ -DHAVE_CONFIG_H -I. -I../.. -D_FORTIFY_SOURCE=2 -g -O2 -fstack-protector --param=ssp-buffer-size=4 -Wformat -Werror=format-security -Wall -Wextra -Wformat-nonliteral -Wformat-security -Wswitch-default -Wswitch-enum -Wunused-parameter -Wfloat-equal -Werror -DDEBUG -g -O1 -DDEBUG -g -O1 -c stream_wrapper.cpp  -fPIC -DPIC -o .libs/stream_wrapper.o
libtool: compile:  g++ -DHAVE_CONFIG_H -I. -I../.. -D_FORTIFY_SOURCE=2 -g -O2 -fstack-protector --param=ssp-buffer-size=4 -Wformat -Werror=format-security -Wall -Wextra -Wformat-nonliteral -Wformat-security -Wswitch-default -Wswitch-enum -Wunused-parameter -Wfloat-equal -Werror -DDEBUG -g -O1 -DDEBUG -g -O1 -c stream_wrapper.cpp -o stream_wrapper.o >/dev/null 2>&1
/bin/bash ../../libtool  --tag=CXX   --mode=compile g++ -DHAVE_CONFIG_H -I. -I../..   -D_FORTIFY_SOURCE=2  -g -O2 -fstack-protector --param=ssp-buffer-size=4 -Wformat -Werror=format-security -Wall -Wextra -Wformat-nonliteral -Wformat-security -Wswitch-default -Wswitch-enum -Wunused-parameter -Wfloat-equal -Werror -DDEBUG -g -O1 -DDEBUG -g -O1 -c -o text_line_reader.lo text_line_reader.cpp
libtool: compile:  g++ -DHAVE_CONFIG_H -I. -I../.. -D_FORTIFY_SOURCE=2 -g -O2 -fstack-protector --param=ssp-buffer-size=4 -Wformat -Werror=format-security -Wall -Wextra -Wformat-nonliteral -Wformat-security -Wswitch-default -Wswitch-enum -Wunused-parameter -Wfloat-equal -Werror -DDEBUG -g -O1 -DDEBUG -g -O1 -c text_line_reader.cpp  -fPIC -DPIC -o .libs/text_line_reader.o
libtool: compile:  g++ -DHAVE_CONFIG_H -I. -I../.. -D_FORTIFY_SOURCE=2 -g -O2 -fstack-protector --param=ssp-buffer-size=4 -Wformat -Werror=format-security -Wall -Wextra -Wformat-nonliteral -Wformat-security -Wswitch-default -Wswitch-enum -Wunused-parameter -Wfloat-equal -Werror -DDEBUG -g -O1 -DDEBUG -g -O1 -c text_line_reader.cpp -o text_line_reader.o >/dev/null 2>&1
/bin/bash ../../libtool  --tag=CC   --mode=compile gcc -DHAVE_CONFIG_H -I. -I../..   -D_FORTIFY_SOURCE=2  -g -O2 -fstack-protector --param=ssp-buffer-size=4 -Wformat -Werror=format-security -Wall -Wextra -Wformat-nonliteral -Wformat-security -Wswitch-default -Wswitch-enum -Wunused-parameter -Wfloat-equal -Werror -DDEBUG -g -O1 -c -o strnatcmp.lo strnatcmp.c
libtool: compile:  gcc -DHAVE_CONFIG_H -I. -I../.. -D_FORTIFY_SOURCE=2 -g -O2 -fstack-protector --param=ssp-buffer-size=4 -Wformat -Werror=format-security -Wall -Wextra -Wformat-nonliteral -Wformat-security -Wswitch-default -Wswitch-enum -Wunused-parameter -Wfloat-equal -Werror -DDEBUG -g -O1 -c strnatcmp.c  -fPIC -DPIC -o .libs/strnatcmp.o
libtool: compile:  gcc -DHAVE_CONFIG_H -I. -I../.. -D_FORTIFY_SOURCE=2 -g -O2 -fstack-protector --param=ssp-buffer-size=4 -Wformat -Werror=format-security -Wall -Wextra -Wformat-nonliteral -Wformat-security -Wswitch-default -Wswitch-enum -Wunused-parameter -Wfloat-equal -Werror -DDEBUG -g -O1 -c strnatcmp.c -o strnatcmp.o >/dev/null 2>&1
/bin/bash ../../libtool  --tag=CC   --mode=compile gcc -DHAVE_CONFIG_H -I. -I../..   -D_FORTIFY_SOURCE=2  -g -O2 -fstack-protector --param=ssp-buffer-size=4 -Wformat -Werror=format-security -Wall -Wextra -Wformat-nonliteral -Wformat-security -Wswitch-default -Wswitch-enum -Wunused-parameter -Wfloat-equal -Werror -DDEBUG -g -O1 -c -o pipe_fitter.lo pipe_fitter.c
libtool: compile:  gcc -DHAVE_CONFIG_H -I. -I../.. -D_FORTIFY_SOURCE=2 -g -O2 -fstack-protector --param=ssp-buffer-size=4 -Wformat -Werror=format-security -Wall -Wextra -Wformat-nonliteral -Wformat-security -Wswitch-default -Wswitch-enum -Wunused-parameter -Wfloat-equal -Werror -DDEBUG -g -O1 -c pipe_fitter.c  -fPIC -DPIC -o .libs/pipe_fitter.o
libtool: compile:  gcc -DHAVE_CONFIG_H -I. -I../.. -D_FORTIFY_SOURCE=2 -g -O2 -fstack-protector --param=ssp-buffer-size=4 -Wformat -Werror=format-security -Wall -Wextra -Wformat-nonliteral -Wformat-security -Wswitch-default -Wswitch-enum -Wunused-parameter -Wfloat-equal -Werror -DDEBUG -g -O1 -c pipe_fitter.c -o pipe_fitter.o >/dev/null 2>&1
/bin/bash ../../libtool  --tag=CXX   --mode=link g++  -g -O2 -fstack-protector --param=ssp-buffer-size=4 -Wformat -Werror=format-security -Wall -Wextra -Wformat-nonliteral -Wformat-security -Wswitch-default -Wswitch-enum -Wunused-parameter -Wfloat-equal -Werror -DDEBUG -g -O1 -DDEBUG -g -O1 -version-info 0:0:0 -release 0.7 -Wl,-z,relro -o libgtextutils.la -rpath /usr/lib/i386-gnu stream_wrapper.lo text_line_reader.lo strnatcmp.lo pipe_fitter.lo  
libtool: link: g++  -fPIC -DPIC -shared -nostdlib /usr/lib/gcc/i486-gnu/4.8/../../../i386-gnu/crti.o /usr/lib/gcc/i486-gnu/4.8/crtbeginS.o  .libs/stream_wrapper.o .libs/text_line_reader.o .libs/strnatcmp.o .libs/pipe_fitter.o   -L/usr/lib/gcc/i486-gnu/4.8 -L/usr/lib/gcc/i486-gnu/4.8/../../../i386-gnu -L/usr/lib/gcc/i486-gnu/4.8/../../.. -L/lib/i386-gnu -L/usr/lib/i386-gnu -lstdc++ -lm -lc -lgcc_s /usr/lib/gcc/i486-gnu/4.8/crtendS.o /usr/lib/gcc/i486-gnu/4.8/../../../i386-gnu/crtn.o  -O2 -O1 -O1 -Wl,-z -Wl,relro   -Wl,-soname -Wl,libgtextutils-0.7.so.0 -o .libs/libgtextutils-0.7.so.0.0.0
libtool: link: (cd ".libs" && rm -f "libgtextutils-0.7.so.0" && ln -s "libgtextutils-0.7.so.0.0.0" "libgtextutils-0.7.so.0")
libtool: link: (cd ".libs" && rm -f "libgtextutils.so" && ln -s "libgtextutils-0.7.so.0.0.0" "libgtextutils.so")
libtool: link: ar cru .libs/libgtextutils.a  stream_wrapper.o text_line_reader.o strnatcmp.o pipe_fitter.o
libtool: link: ranlib .libs/libgtextutils.a
libtool: link: ( cd ".libs" && rm -f "libgtextutils.la" && ln -s "../libgtextutils.la" "libgtextutils.la" )
make[4]: Leaving directory `/«PKGBUILDDIR»/src/gtextutils'
make[4]: Entering directory `/«PKGBUILDDIR»/src'
make[4]: Nothing to be done for `all-am'.
make[4]: Leaving directory `/«PKGBUILDDIR»/src'
make[3]: Leaving directory `/«PKGBUILDDIR»/src'
Making all in doc
make[3]: Entering directory `/«PKGBUILDDIR»/doc'
make[3]: Nothing to be done for `all'.
make[3]: Leaving directory `/«PKGBUILDDIR»/doc'
Making all in tests
make[3]: Entering directory `/«PKGBUILDDIR»/tests'
make[3]: Nothing to be done for `all'.
make[3]: Leaving directory `/«PKGBUILDDIR»/tests'
make[3]: Entering directory `/«PKGBUILDDIR»'
make[3]: Nothing to be done for `all-am'.
make[3]: Leaving directory `/«PKGBUILDDIR»'
make[2]: Leaving directory `/«PKGBUILDDIR»'
make[1]: Leaving directory `/«PKGBUILDDIR»'
   dh_auto_test -a
	make -j1 check
make[1]: Entering directory `/«PKGBUILDDIR»'
Making check in m4
make[2]: Entering directory `/«PKGBUILDDIR»/m4'
make[2]: Nothing to be done for `check'.
make[2]: Leaving directory `/«PKGBUILDDIR»/m4'
Making check in src
make[2]: Entering directory `/«PKGBUILDDIR»/src'
Making check in gtextutils
make[3]: Entering directory `/«PKGBUILDDIR»/src/gtextutils'
make[3]: Nothing to be done for `check'.
make[3]: Leaving directory `/«PKGBUILDDIR»/src/gtextutils'
make[3]: Entering directory `/«PKGBUILDDIR»/src'
make[3]: Nothing to be done for `check-am'.
make[3]: Leaving directory `/«PKGBUILDDIR»/src'
make[2]: Leaving directory `/«PKGBUILDDIR»/src'
Making check in doc
make[2]: Entering directory `/«PKGBUILDDIR»/doc'
make[2]: Nothing to be done for `check'.
make[2]: Leaving directory `/«PKGBUILDDIR»/doc'
Making check in tests
make[2]: Entering directory `/«PKGBUILDDIR»/tests'
make  test_container_join test_natural_sort test_input_stream_wrapper test_text_reader test_text_reader_unget test_fd_outbuf test_fd_inbuf test_in_out_buf test_pipe_fitter test_string_tokenize 
make[3]: Entering directory `/«PKGBUILDDIR»/tests'
g++ -DHAVE_CONFIG_H -I. -I..  -I../src -D_FORTIFY_SOURCE=2  -g -O2 -fstack-protector --param=ssp-buffer-size=4 -Wformat -Werror=format-security -Wall -Wextra -Wformat-nonliteral -Wformat-security -Wswitch-default -Wswitch-enum -Wunused-parameter -Wfloat-equal -Werror -DDEBUG -g -O1 -DDEBUG -g -O1 -c -o test_container_join.o test_container_join.cpp
/bin/bash ../libtool  --tag=CXX   --mode=link g++  -g -O2 -fstack-protector --param=ssp-buffer-size=4 -Wformat -Werror=format-security -Wall -Wextra -Wformat-nonliteral -Wformat-security -Wswitch-default -Wswitch-enum -Wunused-parameter -Wfloat-equal -Werror -DDEBUG -g -O1 -DDEBUG -g -O1  -Wl,-z,relro -o test_container_join test_container_join.o ../src/gtextutils/libgtextutils.la 
libtool: link: g++ -g -O2 -fstack-protector --param=ssp-buffer-size=4 -Wformat -Werror=format-security -Wall -Wextra -Wformat-nonliteral -Wformat-security -Wswitch-default -Wswitch-enum -Wunused-parameter -Wfloat-equal -Werror -DDEBUG -g -O1 -DDEBUG -g -O1 -Wl,-z -Wl,relro -o .libs/test_container_join test_container_join.o  ../src/gtextutils/.libs/libgtextutils.so
g++ -DHAVE_CONFIG_H -I. -I..  -I../src -D_FORTIFY_SOURCE=2  -g -O2 -fstack-protector --param=ssp-buffer-size=4 -Wformat -Werror=format-security -Wall -Wextra -Wformat-nonliteral -Wformat-security -Wswitch-default -Wswitch-enum -Wunused-parameter -Wfloat-equal -Werror -DDEBUG -g -O1 -DDEBUG -g -O1 -c -o test_natural_sort.o test_natural_sort.cpp
 /usr/bin/fakeroot debian/rules binary-arch
/bin/bash ../libtool  --tag=CXX   --mode=link g++  -g -O2 -fstack-protector --param=ssp-buffer-size=4 -Wformat -Werror=format-security -Wall -Wextra -Wformat-nonliteral -Wformat-security -Wswitch-default -Wswitch-enum -Wunused-parameter -Wfloat-equal -Werror -DDEBUG -g -O1 -DDEBUG -g -O1  -Wl,-z,relro -o test_natural_sort test_natural_sort.o ../src/gtextutils/libgtextutils.la 
libtool: link: g++ -g -O2 -fstack-protector --param=ssp-buffer-size=4 -Wformat -Werror=format-security -Wall -Wextra -Wformat-nonliteral -Wformat-security -Wswitch-default -Wswitch-enum -Wunused-parameter -Wfloat-equal -Werror -DDEBUG -g -O1 -DDEBUG -g -O1 -Wl,-z -Wl,relro -o .libs/test_natural_sort test_natural_sort.o  ../src/gtextutils/.libs/libgtextutils.so
g++ -DHAVE_CONFIG_H -I. -I..  -I../src -D_FORTIFY_SOURCE=2  -g -O2 -fstack-protector --param=ssp-buffer-size=4 -Wformat -Werror=format-security -Wall -Wextra -Wformat-nonliteral -Wformat-security -Wswitch-default -Wswitch-enum -Wunused-parameter -Wfloat-equal -Werror -DDEBUG -g -O1 -DDEBUG -g -O1 -c -o test_input_stream_wrapper.o test_input_stream_wrapper.cpp
/bin/bash ../libtool  --tag=CXX   --mode=link g++  -g -O2 -fstack-protector --param=ssp-buffer-size=4 -Wformat -Werror=format-security -Wall -Wextra -Wformat-nonliteral -Wformat-security -Wswitch-default -Wswitch-enum -Wunused-parameter -Wfloat-equal -Werror -DDEBUG -g -O1 -DDEBUG -g -O1  -Wl,-z,relro -o test_input_stream_wrapper test_input_stream_wrapper.o ../src/gtextutils/libgtextutils.la 
libtool: link: g++ -g -O2 -fstack-protector --param=ssp-buffer-size=4 -Wformat -Werror=format-security -Wall -Wextra -Wformat-nonliteral -Wformat-security -Wswitch-default -Wswitch-enum -Wunused-parameter -Wfloat-equal -Werror -DDEBUG -g -O1 -DDEBUG -g -O1 -Wl,-z -Wl,relro -o .libs/test_input_stream_wrapper test_input_stream_wrapper.o  ../src/gtextutils/.libs/libgtextutils.so
g++ -DHAVE_CONFIG_H -I. -I..  -I../src -D_FORTIFY_SOURCE=2  -g -O2 -fstack-protector --param=ssp-buffer-size=4 -Wformat -Werror=format-security -Wall -Wextra -Wformat-nonliteral -Wformat-security -Wswitch-default -Wswitch-enum -Wunused-parameter -Wfloat-equal -Werror -DDEBUG -g -O1 -DDEBUG -g -O1 -c -o test_text_reader.o test_text_reader.cpp
/bin/bash ../libtool  --tag=CXX   --mode=link g++  -g -O2 -fstack-protector --param=ssp-buffer-size=4 -Wformat -Werror=format-security -Wall -Wextra -Wformat-nonliteral -Wformat-security -Wswitch-default -Wswitch-enum -Wunused-parameter -Wfloat-equal -Werror -DDEBUG -g -O1 -DDEBUG -g -O1  -Wl,-z,relro -o test_text_reader test_text_reader.o ../src/gtextutils/libgtextutils.la 
libtool: link: g++ -g -O2 -fstack-protector --param=ssp-buffer-size=4 -Wformat -Werror=format-security -Wall -Wextra -Wformat-nonliteral -Wformat-security -Wswitch-default -Wswitch-enum -Wunused-parameter -Wfloat-equal -Werror -DDEBUG -g -O1 -DDEBUG -g -O1 -Wl,-z -Wl,relro -o .libs/test_text_reader test_text_reader.o  ../src/gtextutils/.libs/libgtextutils.so
g++ -DHAVE_CONFIG_H -I. -I..  -I../src -D_FORTIFY_SOURCE=2  -g -O2 -fstack-protector --param=ssp-buffer-size=4 -Wformat -Werror=format-security -Wall -Wextra -Wformat-nonliteral -Wformat-security -Wswitch-default -Wswitch-enum -Wunused-parameter -Wfloat-equal -Werror -DDEBUG -g -O1 -DDEBUG -g -O1 -c -o test_text_reader_unget.o test_text_reader_unget.cpp
/bin/bash ../libtool  --tag=CXX   --mode=link g++  -g -O2 -fstack-protector --param=ssp-buffer-size=4 -Wformat -Werror=format-security -Wall -Wextra -Wformat-nonliteral -Wformat-security -Wswitch-default -Wswitch-enum -Wunused-parameter -Wfloat-equal -Werror -DDEBUG -g -O1 -DDEBUG -g -O1  -Wl,-z,relro -o test_text_reader_unget test_text_reader_unget.o ../src/gtextutils/libgtextutils.la 
libtool: link: g++ -g -O2 -fstack-protector --param=ssp-buffer-size=4 -Wformat -Werror=format-security -Wall -Wextra -Wformat-nonliteral -Wformat-security -Wswitch-default -Wswitch-enum -Wunused-parameter -Wfloat-equal -Werror -DDEBUG -g -O1 -DDEBUG -g -O1 -Wl,-z -Wl,relro -o .libs/test_text_reader_unget test_text_reader_unget.o  ../src/gtextutils/.libs/libgtextutils.so
g++ -DHAVE_CONFIG_H -I. -I..  -I../src -D_FORTIFY_SOURCE=2  -g -O2 -fstack-protector --param=ssp-buffer-size=4 -Wformat -Werror=format-security -Wall -Wextra -Wformat-nonliteral -Wformat-security -Wswitch-default -Wswitch-enum -Wunused-parameter -Wfloat-equal -Werror -DDEBUG -g -O1 -DDEBUG -g -O1 -c -o test_fd_outbuf.o test_fd_outbuf.cpp
/bin/bash ../libtool  --tag=CXX   --mode=link g++  -g -O2 -fstack-protector --param=ssp-buffer-size=4 -Wformat -Werror=format-security -Wall -Wextra -Wformat-nonliteral -Wformat-security -Wswitch-default -Wswitch-enum -Wunused-parameter -Wfloat-equal -Werror -DDEBUG -g -O1 -DDEBUG -g -O1  -Wl,-z,relro -o test_fd_outbuf test_fd_outbuf.o ../src/gtextutils/libgtextutils.la 
libtool: link: g++ -g -O2 -fstack-protector --param=ssp-buffer-size=4 -Wformat -Werror=format-security -Wall -Wextra -Wformat-nonliteral -Wformat-security -Wswitch-default -Wswitch-enum -Wunused-parameter -Wfloat-equal -Werror -DDEBUG -g -O1 -DDEBUG -g -O1 -Wl,-z -Wl,relro -o .libs/test_fd_outbuf test_fd_outbuf.o  ../src/gtextutils/.libs/libgtextutils.so
g++ -DHAVE_CONFIG_H -I. -I..  -I../src -D_FORTIFY_SOURCE=2  -g -O2 -fstack-protector --param=ssp-buffer-size=4 -Wformat -Werror=format-security -Wall -Wextra -Wformat-nonliteral -Wformat-security -Wswitch-default -Wswitch-enum -Wunused-parameter -Wfloat-equal -Werror -DDEBUG -g -O1 -DDEBUG -g -O1 -c -o test_fd_inbuf.o test_fd_inbuf.cpp
/bin/bash ../libtool  --tag=CXX   --mode=link g++  -g -O2 -fstack-protector --param=ssp-buffer-size=4 -Wformat -Werror=format-security -Wall -Wextra -Wformat-nonliteral -Wformat-security -Wswitch-default -Wswitch-enum -Wunused-parameter -Wfloat-equal -Werror -DDEBUG -g -O1 -DDEBUG -g -O1  -Wl,-z,relro -o test_fd_inbuf test_fd_inbuf.o ../src/gtextutils/libgtextutils.la 
libtool: link: g++ -g -O2 -fstack-protector --param=ssp-buffer-size=4 -Wformat -Werror=format-security -Wall -Wextra -Wformat-nonliteral -Wformat-security -Wswitch-default -Wswitch-enum -Wunused-parameter -Wfloat-equal -Werror -DDEBUG -g -O1 -DDEBUG -g -O1 -Wl,-z -Wl,relro -o .libs/test_fd_inbuf test_fd_inbuf.o  ../src/gtextutils/.libs/libgtextutils.so
g++ -DHAVE_CONFIG_H -I. -I..  -I../src -D_FORTIFY_SOURCE=2  -g -O2 -fstack-protector --param=ssp-buffer-size=4 -Wformat -Werror=format-security -Wall -Wextra -Wformat-nonliteral -Wformat-security -Wswitch-default -Wswitch-enum -Wunused-parameter -Wfloat-equal -Werror -DDEBUG -g -O1 -DDEBUG -g -O1 -c -o test_in_out_buf.o test_in_out_buf.cpp
/bin/bash ../libtool  --tag=CXX   --mode=link g++  -g -O2 -fstack-protector --param=ssp-buffer-size=4 -Wformat -Werror=format-security -Wall -Wextra -Wformat-nonliteral -Wformat-security -Wswitch-default -Wswitch-enum -Wunused-parameter -Wfloat-equal -Werror -DDEBUG -g -O1 -DDEBUG -g -O1  -Wl,-z,relro -o test_in_out_buf test_in_out_buf.o ../src/gtextutils/libgtextutils.la 
libtool: link: g++ -g -O2 -fstack-protector --param=ssp-buffer-size=4 -Wformat -Werror=format-security -Wall -Wextra -Wformat-nonliteral -Wformat-security -Wswitch-default -Wswitch-enum -Wunused-parameter -Wfloat-equal -Werror -DDEBUG -g -O1 -DDEBUG -g -O1 -Wl,-z -Wl,relro -o .libs/test_in_out_buf test_in_out_buf.o  ../src/gtextutils/.libs/libgtextutils.so
gcc -DHAVE_CONFIG_H -I. -I..  -I../src -D_FORTIFY_SOURCE=2  -g -O2 -fstack-protector --param=ssp-buffer-size=4 -Wformat -Werror=format-security -Wall -Wextra -Wformat-nonliteral -Wformat-security -Wswitch-default -Wswitch-enum -Wunused-parameter -Wfloat-equal -Werror -DDEBUG -g -O1 -c -o test_pipe_fitter.o test_pipe_fitter.c
/bin/bash ../libtool  --tag=CC   --mode=link gcc  -g -O2 -fstack-protector --param=ssp-buffer-size=4 -Wformat -Werror=format-security -Wall -Wextra -Wformat-nonliteral -Wformat-security -Wswitch-default -Wswitch-enum -Wunused-parameter -Wfloat-equal -Werror -DDEBUG -g -O1  -Wl,-z,relro -o test_pipe_fitter test_pipe_fitter.o ../src/gtextutils/libgtextutils.la 
libtool: link: gcc -g -O2 -fstack-protector --param=ssp-buffer-size=4 -Wformat -Werror=format-security -Wall -Wextra -Wformat-nonliteral -Wformat-security -Wswitch-default -Wswitch-enum -Wunused-parameter -Wfloat-equal -Werror -DDEBUG -g -O1 -Wl,-z -Wl,relro -o .libs/test_pipe_fitter test_pipe_fitter.o  ../src/gtextutils/.libs/libgtextutils.so
g++ -DHAVE_CONFIG_H -I. -I..  -I../src -D_FORTIFY_SOURCE=2  -g -O2 -fstack-protector --param=ssp-buffer-size=4 -Wformat -Werror=format-security -Wall -Wextra -Wformat-nonliteral -Wformat-security -Wswitch-default -Wswitch-enum -Wunused-parameter -Wfloat-equal -Werror -DDEBUG -g -O1 -DDEBUG -g -O1 -c -o test_string_tokenize.o test_string_tokenize.cpp
/bin/bash ../libtool  --tag=CXX   --mode=link g++  -g -O2 -fstack-protector --param=ssp-buffer-size=4 -Wformat -Werror=format-security -Wall -Wextra -Wformat-nonliteral -Wformat-security -Wswitch-default -Wswitch-enum -Wunused-parameter -Wfloat-equal -Werror -DDEBUG -g -O1 -DDEBUG -g -O1  -Wl,-z,relro -o test_string_tokenize test_string_tokenize.o ../src/gtextutils/libgtextutils.la 
libtool: link: g++ -g -O2 -fstack-protector --param=ssp-buffer-size=4 -Wformat -Werror=format-security -Wall -Wextra -Wformat-nonliteral -Wformat-security -Wswitch-default -Wswitch-enum -Wunused-parameter -Wfloat-equal -Werror -DDEBUG -g -O1 -DDEBUG -g -O1 -Wl,-z -Wl,relro -o .libs/test_string_tokenize test_string_tokenize.o  ../src/gtextutils/.libs/libgtextutils.so
make[3]: Leaving directory `/«PKGBUILDDIR»/tests'
make  check-TESTS
make[3]: Entering directory `/«PKGBUILDDIR»/tests'
make[4]: Entering directory `/«PKGBUILDDIR»/tests'
PASS: test_container_join
PASS: test_natural_sort
PASS: test_input_stream_wrapper
PASS: test_text_reader
PASS: test_text_reader_unget
PASS: test_fd_outbuf
PASS: test_fd_inbuf
PASS: test_in_out_buf
PASS: test_pipe_fitter
PASS: test_string_tokenize
make[5]: Entering directory `/«PKGBUILDDIR»/tests'
make[5]: Nothing to be done for `all'.
make[5]: Leaving directory `/«PKGBUILDDIR»/tests'
============================================================================
Testsuite summary for Gordon-Text_utils-Library 0.7
============================================================================
# TOTAL: 10
# PASS:  10
# SKIP:  0
# XFAIL: 0
# FAIL:  0
# XPASS: 0
# ERROR: 0
============================================================================
make[4]: Leaving directory `/«PKGBUILDDIR»/tests'
make[3]: Leaving directory `/«PKGBUILDDIR»/tests'
make[2]: Leaving directory `/«PKGBUILDDIR»/tests'
make[2]: Entering directory `/«PKGBUILDDIR»'
make[2]: Nothing to be done for `check-am'.
make[2]: Leaving directory `/«PKGBUILDDIR»'
make[1]: Leaving directory `/«PKGBUILDDIR»'
dh binary-arch --with autotools_dev
   dh_testroot -a
   dh_prep -a
	rm -f debian/libgtextutils-dev.substvars
	rm -f debian/libgtextutils-dev.*.debhelper
	rm -rf debian/libgtextutils-dev/
	rm -f debian/libgtextutils0.substvars
	rm -f debian/libgtextutils0.*.debhelper
	rm -rf debian/libgtextutils0/
   dh_auto_install -a
	install -d debian/libgtextutils-dev
	install -d debian/libgtextutils0
	make -j1 install DESTDIR=/«PKGBUILDDIR»/debian/tmp AM_UPDATE_INFO_DIR=no
make[1]: Entering directory `/«PKGBUILDDIR»'
Making install in m4
make[2]: Entering directory `/«PKGBUILDDIR»/m4'
make[3]: Entering directory `/«PKGBUILDDIR»/m4'
make[3]: Nothing to be done for `install-exec-am'.
 /bin/mkdir -p '/«PKGBUILDDIR»/debian/tmp/usr/share/aclocal'
make[3]: Leaving directory `/«PKGBUILDDIR»/m4'
make[2]: Leaving directory `/«PKGBUILDDIR»/m4'
Making install in src
make[2]: Entering directory `/«PKGBUILDDIR»/src'
Making install in gtextutils
make[3]: Entering directory `/«PKGBUILDDIR»/src/gtextutils'
make[4]: Entering directory `/«PKGBUILDDIR»/src/gtextutils'
libtool: install: warning: remember to run `libtool --finish /usr/lib/i386-gnu'
 /bin/mkdir -p '/«PKGBUILDDIR»/debian/tmp/usr/lib/i386-gnu'
 /bin/bash ../../libtool   --mode=install /usr/bin/install -c   libgtextutils.la '/«PKGBUILDDIR»/debian/tmp/usr/lib/i386-gnu'
libtool: install: /usr/bin/install -c .libs/libgtextutils-0.7.so.0.0.0 /«PKGBUILDDIR»/debian/tmp/usr/lib/i386-gnu/libgtextutils-0.7.so.0.0.0
libtool: install: (cd /«PKGBUILDDIR»/debian/tmp/usr/lib/i386-gnu && { ln -s -f libgtextutils-0.7.so.0.0.0 libgtextutils-0.7.so.0 || { rm -f libgtextutils-0.7.so.0 && ln -s libgtextutils-0.7.so.0.0.0 libgtextutils-0.7.so.0; }; })
libtool: install: (cd /«PKGBUILDDIR»/debian/tmp/usr/lib/i386-gnu && { ln -s -f libgtextutils-0.7.so.0.0.0 libgtextutils.so || { rm -f libgtextutils.so && ln -s libgtextutils-0.7.so.0.0.0 libgtextutils.so; }; })
libtool: install: /usr/bin/install -c .libs/libgtextutils.lai /«PKGBUILDDIR»/debian/tmp/usr/lib/i386-gnu/libgtextutils.la
libtool: install: /usr/bin/install -c .libs/libgtextutils.a /«PKGBUILDDIR»/debian/tmp/usr/lib/i386-gnu/libgtextutils.a
libtool: install: chmod 644 /«PKGBUILDDIR»/debian/tmp/usr/lib/i386-gnu/libgtextutils.a
libtool: install: ranlib /«PKGBUILDDIR»/debian/tmp/usr/lib/i386-gnu/libgtextutils.a
 /bin/mkdir -p '/«PKGBUILDDIR»/debian/tmp/usr/include/gtextutils/gtextutils'
 /usr/bin/install -c -m 644 container_join.h text_line_reader.h stream_wrapper.h natsort.h strnatcmp.h outbuf3.hpp inbuf1.hpp tuple_parser.h exit_manip.h string_tokenize.h pipe_fitter.h '/«PKGBUILDDIR»/debian/tmp/usr/include/gtextutils/gtextutils'
make[4]: Leaving directory `/«PKGBUILDDIR»/src/gtextutils'
make[3]: Leaving directory `/«PKGBUILDDIR»/src/gtextutils'
make[3]: Entering directory `/«PKGBUILDDIR»/src'
make[4]: Entering directory `/«PKGBUILDDIR»/src'
make[4]: Nothing to be done for `install-exec-am'.
make[4]: Nothing to be done for `install-data-am'.
make[4]: Leaving directory `/«PKGBUILDDIR»/src'
make[3]: Leaving directory `/«PKGBUILDDIR»/src'
make[2]: Leaving directory `/«PKGBUILDDIR»/src'
Making install in doc
make[2]: Entering directory `/«PKGBUILDDIR»/doc'
make[3]: Entering directory `/«PKGBUILDDIR»/doc'
make[3]: Nothing to be done for `install-exec-am'.
make[3]: Nothing to be done for `install-data-am'.
make[3]: Leaving directory `/«PKGBUILDDIR»/doc'
make[2]: Leaving directory `/«PKGBUILDDIR»/doc'
Making install in tests
make[2]: Entering directory `/«PKGBUILDDIR»/tests'
make[3]: Entering directory `/«PKGBUILDDIR»/tests'
make[3]: Nothing to be done for `install-exec-am'.
make[3]: Nothing to be done for `install-data-am'.
make[3]: Leaving directory `/«PKGBUILDDIR»/tests'
make[2]: Leaving directory `/«PKGBUILDDIR»/tests'
make[2]: Entering directory `/«PKGBUILDDIR»'
make[3]: Entering directory `/«PKGBUILDDIR»'
make[3]: Nothing to be done for `install-exec-am'.
 /bin/mkdir -p '/«PKGBUILDDIR»/debian/tmp/usr/lib/i386-gnu/pkgconfig'
 /usr/bin/install -c -m 644 gtextutils.pc '/«PKGBUILDDIR»/debian/tmp/usr/lib/i386-gnu/pkgconfig'
make[3]: Leaving directory `/«PKGBUILDDIR»'
make[2]: Leaving directory `/«PKGBUILDDIR»'
make[1]: Leaving directory `/«PKGBUILDDIR»'
   dh_install -a
	install -d debian/libgtextutils-dev/usr/include/
	cp -a debian/tmp/usr/include/gtextutils/gtextutils/ debian/libgtextutils-dev/usr/include//
	install -d debian/libgtextutils-dev/usr/lib/i386-gnu/
	cp -a debian/tmp/usr/lib/i386-gnu/libgtextutils.so debian/libgtextutils-dev/usr/lib/i386-gnu//
	install -d debian/libgtextutils-dev/usr/lib/i386-gnu/pkgconfig/
	cp -a debian/tmp/usr/lib/i386-gnu/pkgconfig/gtextutils.pc debian/libgtextutils-dev/usr/lib/i386-gnu/pkgconfig//
	install -d debian/libgtextutils0/usr/lib/i386-gnu/
	cp -a debian/tmp/usr/lib/i386-gnu/libgtextutils-0.7.so.0 debian/libgtextutils0/usr/lib/i386-gnu//
	cp -a debian/tmp/usr/lib/i386-gnu/libgtextutils-0.7.so.0.0.0 debian/libgtextutils0/usr/lib/i386-gnu//
   dh_installdocs -a
	install -g 0 -o 0 -d debian/libgtextutils-dev/usr/share/doc/libgtextutils-dev
	cp -a NEWS debian/libgtextutils-dev/usr/share/doc/libgtextutils-dev
	cp -a README debian/libgtextutils-dev/usr/share/doc/libgtextutils-dev
	cp -a THANKS debian/libgtextutils-dev/usr/share/doc/libgtextutils-dev
	chown -R 0:0 debian/libgtextutils-dev/usr/share/doc
	chmod -R go=rX debian/libgtextutils-dev/usr/share/doc
	chmod -R u\+rw debian/libgtextutils-dev/usr/share/doc
	install -g 0 -o 0 -m 644 -p debian/copyright debian/libgtextutils-dev/usr/share/doc/libgtextutils-dev/copyright
	install -g 0 -o 0 -d debian/libgtextutils0/usr/share/doc/libgtextutils0
	install -g 0 -o 0 -m 644 -p debian/copyright debian/libgtextutils0/usr/share/doc/libgtextutils0/copyright
   dh_installchangelogs -a
	install -o 0 -g 0 -p -m644 debian/changelog debian/libgtextutils-dev/usr/share/doc/libgtextutils-dev/changelog.Debian
	install -o 0 -g 0 -p -m644 debian/changelog debian/libgtextutils0/usr/share/doc/libgtextutils0/changelog.Debian
   dh_perl -a
   dh_link -a
	rm -f debian/libgtextutils-dev/usr/lib/i386-gnu/libgtextutils.so
	ln -sf libgtextutils-0.7.so.0.0.0 debian/libgtextutils-dev/usr/lib/i386-gnu/libgtextutils.so
	rm -f debian/libgtextutils0/usr/lib/i386-gnu/libgtextutils-0.7.so.0
	ln -sf libgtextutils-0.7.so.0.0.0 debian/libgtextutils0/usr/lib/i386-gnu/libgtextutils-0.7.so.0
   dh_compress -a
	cd debian/libgtextutils-dev
	chmod a-x usr/share/doc/libgtextutils-dev/NEWS usr/share/doc/libgtextutils-dev/changelog.Debian
	gzip -9nf usr/share/doc/libgtextutils-dev/NEWS usr/share/doc/libgtextutils-dev/changelog.Debian
	cd '/«PKGBUILDDIR»'
	cd debian/libgtextutils0
	chmod a-x usr/share/doc/libgtextutils0/changelog.Debian
	gzip -9nf usr/share/doc/libgtextutils0/changelog.Debian
	cd '/«PKGBUILDDIR»'
   dh_fixperms -a
	find debian/libgtextutils-dev  -print0 2>/dev/null | xargs -0r chown --no-dereference 0:0
	find debian/libgtextutils-dev ! -type l  -print0 2>/dev/null | xargs -0r chmod go=rX,u+rw,a-s
	find debian/libgtextutils-dev/usr/share/doc -type f  ! -regex 'debian/libgtextutils-dev/usr/share/doc/[^/]*/examples/.*' -print0 2>/dev/null | xargs -0r chmod 644
	find debian/libgtextutils-dev/usr/share/doc -type d  -print0 2>/dev/null | xargs -0r chmod 755
	find debian/libgtextutils-dev/usr/share/man debian/libgtextutils-dev/usr/man/ debian/libgtextutils-dev/usr/X11*/man/ -type f  -print0 2>/dev/null | xargs -0r chmod 644
	find debian/libgtextutils-dev -perm -5 -type f \( -name '*.so.*' -or -name '*.so' -or -name '*.la' -or -name '*.a' \)  -print0 2>/dev/null | xargs -0r chmod 644
	find debian/libgtextutils-dev/usr/include -type f  -print0 2>/dev/null | xargs -0r chmod 644
	find debian/libgtextutils-dev/usr/share/applications -type f  -print0 2>/dev/null | xargs -0r chmod 644
	find debian/libgtextutils-dev -perm -5 -type f \( -name '*.cmxs' \)  -print0 2>/dev/null | xargs -0r chmod 644
	find debian/libgtextutils-dev/usr/lib/perl5 debian/libgtextutils-dev/usr/share/perl5 -type f -perm -5 -name '*.pm'  -print0 2>/dev/null | xargs -0r chmod a-X
	find debian/libgtextutils-dev/usr/lib -type f -name '*.ali'  -print0 2>/dev/null | xargs -0r chmod uga-w
	find debian/libgtextutils0  -print0 2>/dev/null | xargs -0r chown --no-dereference 0:0
	find debian/libgtextutils0 ! -type l  -print0 2>/dev/null | xargs -0r chmod go=rX,u+rw,a-s
	find debian/libgtextutils0/usr/share/doc -type f  ! -regex 'debian/libgtextutils0/usr/share/doc/[^/]*/examples/.*' -print0 2>/dev/null | xargs -0r chmod 644
	find debian/libgtextutils0/usr/share/doc -type d  -print0 2>/dev/null | xargs -0r chmod 755
	find debian/libgtextutils0/usr/share/man debian/libgtextutils0/usr/man/ debian/libgtextutils0/usr/X11*/man/ -type f  -print0 2>/dev/null | xargs -0r chmod 644
	find debian/libgtextutils0 -perm -5 -type f \( -name '*.so.*' -or -name '*.so' -or -name '*.la' -or -name '*.a' \)  -print0 2>/dev/null | xargs -0r chmod 644
	find debian/libgtextutils0/usr/include -type f  -print0 2>/dev/null | xargs -0r chmod 644
	find debian/libgtextutils0/usr/share/applications -type f  -print0 2>/dev/null | xargs -0r chmod 644
	find debian/libgtextutils0 -perm -5 -type f \( -name '*.cmxs' \)  -print0 2>/dev/null | xargs -0r chmod 644
	find debian/libgtextutils0/usr/lib/perl5 debian/libgtextutils0/usr/share/perl5 -type f -perm -5 -name '*.pm'  -print0 2>/dev/null | xargs -0r chmod a-X
	find debian/libgtextutils0/usr/lib -type f -name '*.ali'  -print0 2>/dev/null | xargs -0r chmod uga-w
   dh_strip -a
	strip --remove-section=.comment --remove-section=.note --strip-unneeded debian/libgtextutils0/usr/lib/i386-gnu/libgtextutils-0.7.so.0.0.0
   dh_makeshlibs -a
	rm -f debian/libgtextutils-dev/DEBIAN/shlibs
	rm -f debian/libgtextutils0/DEBIAN/shlibs
	install -d debian/libgtextutils0/DEBIAN
	echo 'libgtextutils-0.7 0 libgtextutils0' >>debian/libgtextutils0/DEBIAN/shlibs
	echo "# Automatically added by dh_makeshlibs">> debian/libgtextutils0.postinst.debhelper
	sed "" /usr/share/debhelper/autoscripts/postinst-makeshlibs >> debian/libgtextutils0.postinst.debhelper
	echo '# End automatically added section' >> debian/libgtextutils0.postinst.debhelper
	echo "# Automatically added by dh_makeshlibs">> debian/libgtextutils0.postrm.debhelper
	sed "" /usr/share/debhelper/autoscripts/postrm-makeshlibs >> debian/libgtextutils0.postrm.debhelper
	echo '# End automatically added section' >> debian/libgtextutils0.postrm.debhelper
	chmod 644 debian/libgtextutils0/DEBIAN/shlibs
	chown 0:0 debian/libgtextutils0/DEBIAN/shlibs
	dpkg-gensymbols -plibgtextutils0 -Idebian/libgtextutils0.symbols -Pdebian/libgtextutils0 "-edebian/libgtextutils0/usr/lib/i386-gnu/libgtextutils-0.7.so.0.0.0\
"
	(grep -s -v misc:Pre-Depends debian/libgtextutils0.substvars; echo misc:Pre-Depends=multiarch-support) > debian/libgtextutils0.substvars.new
	mv debian/libgtextutils0.substvars.new debian/libgtextutils0.substvars
   dh_shlibdeps -a
	install -o 0 -g 0 -d debian/libgtextutils-dev/DEBIAN
	dpkg-shlibdeps -Tdebian/libgtextutils0.substvars debian/libgtextutils0/usr/lib/i386-gnu/libgtextutils-0.7.so.0.0.0
   dh_installdeb -a
	printf '#!/bin/sh
set -e
' > debian/libgtextutils0/DEBIAN/postinst
	cat debian/libgtextutils0.postinst.debhelper >> debian/libgtextutils0/DEBIAN/postinst
	chown 0:0 debian/libgtextutils0/DEBIAN/postinst
	chmod 755 debian/libgtextutils0/DEBIAN/postinst
	printf '#!/bin/sh
set -e
' > debian/libgtextutils0/DEBIAN/postrm
	cat debian/libgtextutils0.postrm.debhelper >> debian/libgtextutils0/DEBIAN/postrm
	chown 0:0 debian/libgtextutils0/DEBIAN/postrm
	chmod 755 debian/libgtextutils0/DEBIAN/postrm
   dh_gencontrol -a
	echo misc:Depends= >> debian/libgtextutils-dev.substvars
	dpkg-gencontrol -plibgtextutils-dev -ldebian/changelog -Tdebian/libgtextutils-dev.substvars -Pdebian/libgtextutils-dev
dpkg-gencontrol: warning: File::FcntlLock not available; using flock which is not NFS-safe
	chmod 644 debian/libgtextutils-dev/DEBIAN/control
	chown 0:0 debian/libgtextutils-dev/DEBIAN/control
	echo misc:Depends= >> debian/libgtextutils0.substvars
	dpkg-gencontrol -plibgtextutils0 -ldebian/changelog -Tdebian/libgtextutils0.substvars -Pdebian/libgtextutils0
dpkg-gencontrol: warning: File::FcntlLock not available; using flock which is not NFS-safe
dpkg-gencontrol: warning: package libgtextutils0: unused substitution variable ${misc:Pre-Depends}
	chmod 644 debian/libgtextutils0/DEBIAN/control
	chown 0:0 debian/libgtextutils0/DEBIAN/control
   dh_md5sums -a
	(cd debian/libgtextutils-dev >/dev/null ; find . -type f  ! -regex './DEBIAN/.*' -printf '%P\0' | LC_ALL=C sort -z | xargs -r0 md5sum > DEBIAN/md5sums) >/dev/null
	chmod 644 debian/libgtextutils-dev/DEBIAN/md5sums
	chown 0:0 debian/libgtextutils-dev/DEBIAN/md5sums
	(cd debian/libgtextutils0 >/dev/null ; find . -type f  ! -regex './DEBIAN/.*' -printf '%P\0' | LC_ALL=C sort -z | xargs -r0 md5sum > DEBIAN/md5sums) >/dev/null
	chmod 644 debian/libgtextutils0/DEBIAN/md5sums
	chown 0:0 debian/libgtextutils0/DEBIAN/md5sums
   dh_builddeb -a
	dpkg-deb --build debian/libgtextutils-dev ..
dpkg-deb: building package `libgtextutils-dev' in `../libgtextutils-dev_0.7-1_hurd-i386.deb'.
	dpkg-deb --build debian/libgtextutils0 ..
dpkg-deb: building package `libgtextutils0' in `../libgtextutils0_0.7-1_hurd-i386.deb'.
 dpkg-genchanges -B -mDebian GNU/Hurd Build Daemon <buildd_hurd-i386-ironforge@buildd.debian.org> >../libgtextutils_0.7-1_hurd-i386.changes
dpkg-genchanges: arch-specific upload - not including arch-independent packages
dpkg-genchanges: binary-only upload - not including any source code
 dpkg-source --after-build libgtextutils-0.7
dpkg-source: info: using options from libgtextutils-0.7/debian/source/options: --single-debian-patch
dpkg-buildpackage: binary only upload (no source included)
────────────────────────────────────────────────────────────────────────────────
Build finished at 20140108-0158

Finished
────────

I: Built successfully

┌──────────────────────────────────────────────────────────────────────────────┐
│ Post Build Chroot                                                            │
└──────────────────────────────────────────────────────────────────────────────┘


┌──────────────────────────────────────────────────────────────────────────────┐
│ Changes                                                                      │
└──────────────────────────────────────────────────────────────────────────────┘


libgtextutils_0.7-1_hurd-i386.changes:
──────────────────────────────────────

Format: 1.8
Date: Wed, 08 Jan 2014 09:15:22 +0900
Source: libgtextutils
Binary: libgtextutils-dev libgtextutils0
Architecture: hurd-i386
Version: 0.7-1
Distribution: sid
Urgency: low
Maintainer: Debian GNU/Hurd Build Daemon <buildd_hurd-i386-ironforge@buildd.debian.org>
Changed-By: Charles Plessy <plessy@debian.org>
Description: 
 libgtextutils-dev - Gordon Text_utils library (development files)
 libgtextutils0 - Gordon Text_utils library
Changes: 
 libgtextutils (0.7-1) unstable; urgency=low
 .
   * New upstream release.
 .
   ff09484 debian/watch: monitor source code repository on GitHub.
   4d75c55 7ffa331 Build-depend on automake and libtool.
   1954d04 Run the ‘reconf’ command before dh_auto_configure.
   642f472 Vebose debhelper.
   98624c0 Use Debhelper 9.
   54445b3 Made the packages multi-architecture.
   f1e771b Updated symbols file.
   78899ca Normalised debian/copyright with ‘cme fix dpkg-copyright‘.
   fae902a Normalised debian/control with ‘cme fix dpkg-control’.
   4050657 Normalised VCS URLs.
   5bd1b39 Conforms to Policy 3.9.5.
Checksums-Sha1: 
 b89cad6e1a5376dcc8d8695c39fbe4d3889e783a 23638 libgtextutils-dev_0.7-1_hurd-i386.deb
 1eefb548a5b630ac53163607dd8347139a6d550d 18970 libgtextutils0_0.7-1_hurd-i386.deb
Checksums-Sha256: 
 2463335a22068f668588291c6ea6fab6dfdb561453935f5f4c058fee635a12c5 23638 libgtextutils-dev_0.7-1_hurd-i386.deb
 ce96b0047e0841e43613873423c46a9290f5b5e67e8bff0802d77de31f56d861 18970 libgtextutils0_0.7-1_hurd-i386.deb
Files: 
 6894cf05466989c5b452ce2a0deb448c 23638 libdevel optional libgtextutils-dev_0.7-1_hurd-i386.deb
 2d18375cecdd997462263247a7a3e2e8 18970 libs optional libgtextutils0_0.7-1_hurd-i386.deb

┌──────────────────────────────────────────────────────────────────────────────┐
│ Package contents                                                             │
└──────────────────────────────────────────────────────────────────────────────┘


libgtextutils-dev_0.7-1_hurd-i386.deb
─────────────────────────────────────

 new debian package, version 2.0.
 size 23638 bytes: control archive=1030 bytes.
     458 bytes,    13 lines      control              
    1242 bytes,    17 lines      md5sums              
 Package: libgtextutils-dev
 Source: libgtextutils
 Version: 0.7-1
 Architecture: hurd-i386
 Maintainer: Debian Med Packaging Team <debian-med-packaging@lists.alioth.debian.org>
 Installed-Size: 122
 Depends: libgtextutils0 (= 0.7-1)
 Section: libdevel
 Priority: optional
 Multi-Arch: same
 Homepage: http://hannonlab.cshl.edu/fastx_toolkit/
 Description: Gordon Text_utils library (development files)
  Development files for the Gordon Text_utils (gtextutils) library.

drwxr-xr-x root/root         0 2014-01-08 01:57 ./
drwxr-xr-x root/root         0 2014-01-08 01:57 ./usr/
drwxr-xr-x root/root         0 2014-01-08 01:57 ./usr/include/
drwxr-xr-x root/root         0 2014-01-08 01:57 ./usr/include/gtextutils/
-rw-r--r-- root/root      6034 2014-01-08 01:57 ./usr/include/gtextutils/container_join.h
-rw-r--r-- root/root      1863 2014-01-08 01:57 ./usr/include/gtextutils/text_line_reader.h
-rw-r--r-- root/root      1483 2014-01-08 01:57 ./usr/include/gtextutils/stream_wrapper.h
-rw-r--r-- root/root      3001 2014-01-08 01:57 ./usr/include/gtextutils/natsort.h
-rw-r--r-- root/root      1287 2014-01-08 01:57 ./usr/include/gtextutils/strnatcmp.h
-rw-r--r-- root/root      3929 2014-01-08 01:57 ./usr/include/gtextutils/outbuf3.hpp
-rw-r--r-- root/root      4220 2014-01-08 01:57 ./usr/include/gtextutils/inbuf1.hpp
-rw-r--r-- root/root     11049 2014-01-08 01:57 ./usr/include/gtextutils/tuple_parser.h
-rw-r--r-- root/root      2105 2014-01-08 01:57 ./usr/include/gtextutils/exit_manip.h
-rw-r--r-- root/root      1995 2014-01-08 01:57 ./usr/include/gtextutils/string_tokenize.h
-rw-r--r-- root/root      1154 2014-01-08 01:57 ./usr/include/gtextutils/pipe_fitter.h
drwxr-xr-x root/root         0 2014-01-08 01:57 ./usr/lib/
drwxr-xr-x root/root         0 2014-01-08 01:57 ./usr/lib/i386-gnu/
drwxr-xr-x root/root         0 2014-01-08 01:57 ./usr/lib/i386-gnu/pkgconfig/
-rw-r--r-- root/root       233 2014-01-08 01:57 ./usr/lib/i386-gnu/pkgconfig/gtextutils.pc
drwxr-xr-x root/root         0 2014-01-08 01:57 ./usr/share/
drwxr-xr-x root/root         0 2014-01-08 01:57 ./usr/share/doc/
drwxr-xr-x root/root         0 2014-01-08 01:57 ./usr/share/doc/libgtextutils-dev/
-rw-r--r-- root/root       261 2014-01-05 22:02 ./usr/share/doc/libgtextutils-dev/README
-rw-r--r-- root/root       314 2014-01-05 22:02 ./usr/share/doc/libgtextutils-dev/THANKS
-rw-r--r-- root/root     38979 2014-01-05 23:40 ./usr/share/doc/libgtextutils-dev/copyright
-rw-r--r-- root/root       440 2014-01-05 22:02 ./usr/share/doc/libgtextutils-dev/NEWS.gz
-rw-r--r-- root/root       673 2014-01-08 01:15 ./usr/share/doc/libgtextutils-dev/changelog.Debian.gz
lrwxr-xr-x root/root         0 2014-01-08 01:57 ./usr/lib/i386-gnu/libgtextutils.so -> libgtextutils-0.7.so.0.0.0


libgtextutils0_0.7-1_hurd-i386.deb
──────────────────────────────────

 new debian package, version 2.0.
 size 18970 bytes: control archive=1033 bytes.
     556 bytes,    14 lines      control              
     234 bytes,     3 lines      md5sums              
     135 bytes,     7 lines   *  postinst             #!/bin/sh
     132 bytes,     7 lines   *  postrm               #!/bin/sh
      35 bytes,     1 lines      shlibs               
     642 bytes,    16 lines      symbols              
 Package: libgtextutils0
 Source: libgtextutils
 Version: 0.7-1
 Architecture: hurd-i386
 Maintainer: Debian Med Packaging Team <debian-med-packaging@lists.alioth.debian.org>
 Installed-Size: 86
 Depends: libc0.3 (>= 2.3), libgcc1 (>= 4.2.1), libstdc++6 (>= 4.4.0)
 Section: libs
 Priority: optional
 Multi-Arch: same
 Homepage: http://hannonlab.cshl.edu/fastx_toolkit/
 Description: Gordon Text_utils library
  The Gordon Text_utils (gtextutils) library is a text utilities library used by
  the FASTX-Toolkit, a suite of programs for biological sequence analysis.

drwxr-xr-x root/root         0 2014-01-08 01:57 ./
drwxr-xr-x root/root         0 2014-01-08 01:57 ./usr/
drwxr-xr-x root/root         0 2014-01-08 01:57 ./usr/lib/
drwxr-xr-x root/root         0 2014-01-08 01:57 ./usr/lib/i386-gnu/
-rw-r--r-- root/root     13736 2014-01-08 01:57 ./usr/lib/i386-gnu/libgtextutils-0.7.so.0.0.0
drwxr-xr-x root/root         0 2014-01-08 01:57 ./usr/share/
drwxr-xr-x root/root         0 2014-01-08 01:57 ./usr/share/doc/
drwxr-xr-x root/root         0 2014-01-08 01:57 ./usr/share/doc/libgtextutils0/
-rw-r--r-- root/root     38979 2014-01-05 23:40 ./usr/share/doc/libgtextutils0/copyright
-rw-r--r-- root/root       673 2014-01-08 01:15 ./usr/share/doc/libgtextutils0/changelog.Debian.gz
lrwxr-xr-x root/root         0 2014-01-08 01:57 ./usr/lib/i386-gnu/libgtextutils-0.7.so.0 -> libgtextutils-0.7.so.0.0.0


┌──────────────────────────────────────────────────────────────────────────────┐
│ Post Build                                                                   │
└──────────────────────────────────────────────────────────────────────────────┘


┌──────────────────────────────────────────────────────────────────────────────┐
│ Cleanup                                                                      │
└──────────────────────────────────────────────────────────────────────────────┘

Purging /«BUILDDIR»
Reading package lists...
Building dependency tree...
Reading state information...
The following packages were automatically installed and are no longer required:
  libboost-iostreams1.54.0 libept1.4.12 libxapian22 netcat-openbsd
Use 'apt-get autoremove' to remove them.
0 upgraded, 0 newly installed, 0 to remove and 16 not upgraded.
Not building database; man-db/auto-update is not 'true'.
Reading package lists...
Building dependency tree...
Reading state information...
The following packages were automatically installed and are no longer required:
  libboost-iostreams1.54.0 libept1.4.12 libxapian22 netcat-openbsd
Use 'apt-get autoremove' to remove them.
The following packages will be REMOVED:
  autoconf* automake* autotools-dev* debhelper* dh-exec* file* gettext*
  gettext-base* intltool-debian* libasprintf0c2* libcroco3* libexpat1*
  libmagic1* libtool* libunistring0* m4* po-debconf*
  sbuild-build-depends-core-dummy* sbuild-build-depends-libgtextutils-dummy*
0 upgraded, 0 newly installed, 19 to remove and 16 not upgraded.
After this operation, 19.3 MB disk space will be freed.
(Reading database ... 18136 files and directories currently installed.)
Removing sbuild-build-depends-libgtextutils-dummy (0.invalid.0) ...
Removing automake (1:1.14.1-2) ...
Removing autoconf (2.69-2) ...
Purging configuration files for autoconf (2.69-2) ...
Removing libtool (2.4.2-1.6) ...
Removing autotools-dev (20130810.1) ...
Removing dh-exec (0.12) ...
Removing debhelper (9.20131227) ...
Removing file (1:5.14-2) ...
Removing po-debconf (1.0.16+nmu2) ...
Removing intltool-debian (0.35.0+20060710.1) ...
Removing gettext (0.18.3.1-2) ...
Removing gettext-base (0.18.3.1-2) ...
Removing libasprintf0c2:hurd-i386 (0.18.3.1-2) ...
Removing libcroco3:hurd-i386 (0.6.8-2) ...
Purging configuration files for libcroco3:hurd-i386 (0.6.8-2) ...
Removing libexpat1:hurd-i386 (2.1.0-4) ...
Purging configuration files for libexpat1:hurd-i386 (2.1.0-4) ...
Removing libmagic1:hurd-i386 (1:5.14-2) ...
Purging configuration files for libmagic1:hurd-i386 (1:5.14-2) ...
Removing libunistring0:hurd-i386 (0.9.3-5+b1) ...
Purging configuration files for libunistring0:hurd-i386 (0.9.3-5+b1) ...
Removing m4 (1.4.17-2) ...
Removing sbuild-build-depends-core-dummy (0.invalid.0) ...
Processing triggers for man-db (2.6.5-2) ...
Processing triggers for libc-bin (2.17-97) ...

┌──────────────────────────────────────────────────────────────────────────────┐
│ Summary                                                                      │
└──────────────────────────────────────────────────────────────────────────────┘

Build Architecture: hurd-i386
Build-Space: 6840
Build-Time: 58
Distribution: sid
Host Architecture: hurd-i386
Install-Time: 22
Job: libgtextutils_0.7-1
Machine Architecture: hurd-i386
Package: libgtextutils
Package-Time: 107
Source-Version: 0.7-1
Space: 6840
Status: successful
Version: 0.7-1
────────────────────────────────────────────────────────────────────────────────
Finished at 20140108-0158
Build needed 00:01:47, 6840k disc space
